4 ETW000 R3trans version 6.24 (release 721 - 31.07.15 - 14:39:42).
4 ETW000 unicode enabled version
4 ETW000 ===============================================
4 ETW000 
4 ETW000 date&time   : 19.03.2017 - 08:50:09
4 ETW000 control file: <no ctrlfile>
4 ETW000 R3trans was called as follows: R3trans -d
4 ETW000  trace at level 1 opened for a given file pointer
4 ETW000  [     dev trc,00000]  Sun Mar 19 08:50:09 2017
4 ETW000  [     dev trc,00000]  Loading DB library '/usr/sap/SOL/SYS/exe/run/dboraslib.so' ...
4 ETW000  [     dev trc,00000]  Library '/usr/sap/SOL/SYS/exe/run/dboraslib.so' loaded
4 ETW000  [     dev trc,00000]  Version of '/usr/sap/SOL/SYS/exe/run/dboraslib.so' is "721.02", patchlevel (0.600)
4 ETW000  [     dev trc,00000]  dbs/ora/stmt_cache_size = 250
4 ETW000  [     dev trc,00000]  Register application info.
4 ETW000  [     dev trc,00000]  Oracle client version: 11.2.0.3.0, V2, default build, (dbsl 721 180915, UNICODE[2])
4 ETW000  [     dev trc,00000]  Installed Oracle client patches:
4 ETW000  [     dev trc,00000]  # Patch  14489591     : Created on 19 Jan 2013, 20:08:26 hrs PST8PDT
4 ETW000  [     dev trc,00000]  # Patch  14042380     : Created on 23 Dec 2013, 22:24:52 hrs PST8PDT
4 ETW000  [     dev trc,00000]  # Patch description: Created on  7 Jan 2014, 02:20:21 hrs PST8PDT
4 ETW000  [     dev trc,00000]  # Patch  13508485     : Created on 21 Dec 2011, 13:23:38 hrs PST8PDT
4 ETW000  [     dev trc,00000]  # Patch  11742262     : Created on  7 Mar 2012, 12:22:41 hrs CET
4 ETW000  [     dev trc,00000]  Client NLS setting (by OCINlsGetInfo(con=0)): 'AMERICAN_AMERICA.UTF16'
4 ETW000  [     dev trc,00000]  Logon as OPS$-user to get SAPSR3's password
4 ETW000  [     dev trc,00000]  Connecting as /@DSO on connection 0 (nls 0) ... (dbsl 721 180915, UNICODE[2])
4 ETW000  [     dev trc,00000]  OCIHandleAlloc(con=0): Service svc=279d468 created, rc=0
4 ETW000  [     dev trc,00000]  OCIServerAttach(con=0, svc=279d468): New server hdl. srv=279fcd0 attached to 'DSO'
4 ETW000  [     dev trc,00000]  OCISessionBegin(con=0, svc=279d468, srv=279fcd0='DSO'): start session usr=27d6030='/', rc=0
4 ETW000  [     dev trc,00000]  Now '/@DSO' is connected: con=0, nls=0, session=55, time='2017-03-19 08:50:09'
4 ETW000  [     dev trc,00000]  Got SAPSR3's password from OPS$-user
4 ETW000  [     dev trc,00000]  Disconnecting con=0
4 ETW000  [     dev trc,00000]  OCISessionEnd(con=0, svc=279d468, srv=279fcd0='DSO'): Close session usr=27d6030, rc=0
4 ETW000  [     dev trc,00000]  Connecting as SAPSR3/<pwd>@DSO on connection 0 (nls 0) ... (dbsl 721 180915, UNICODE[2])
4 ETW000  [     dev trc,00000]  OCISessionBegin(con=0, svc=279d468, srv=279fcd0='DSO'): start session usr=27d6030='SAPSR3', rc=0
4 ETW000  [     dev trc,00000]  Now 'SAPSR3/<pwd>@DSO' is connected: con=0, nls=0, session=55, time='2017-03-19 08:50:09'
4 ETW000  [     dev trc,00000]  DB instance DSO is running on sapredhat03 with ORACLE version 11.2.0.3.0 since MAR 03, 2017, 07:50:31.
4 ETW000  [     dev trc,00000]  con=0, V$NLS_PARAMETERS: NLS_LANG=AMERICAN_AMERICA.UTF8, NLS_NCHAR=UTF8
4 ETW000  [     dev trc,00000]   # CharacterSet                   NCharSet   envhp            errhp            er2hp            bathp           
4 ETW000  [     dev trc,00000]   0 UTF16                          AL16UTF16  278fae0          279b448          279c4c8          279d548         
4 ETW000  [     dev trc,00000]  Connection 0 opened (DBSL handle 0)
4 ETW000  [     dev trc,00000]     DbSlControl(DBSL_CMD_SAPRELEASE_SET,abap='702')
4 ETW000  [     dev trc,00000]  NTAB: version is VERS_B, UNICODELG=2, SAP_UC_LN=2
4 ETW000 Connected to DBMS = ORACLE --- dbs_ora_tnsname = 'DSO' --- SYSTEM = 'SOL'.
4 ETW690 COMMIT "0" "0"
4 ETW000  trace to file pointer closed
4 ETW000  trace at level 1 opened for a given file pointer
4 ETW000 
4 ETW000 ================== STEP 1 =====================
4 ETW000 date&time        : 19.03.2017 - 08:50:09
4 ETW000 function         : CONNECT
4 ETW000 buffersync       : YES
4 ETW000 clients          : default
4 ETW000 commit           : 100000
4 ETW000 table cache      : dynamic
4 ETW000 
4 ETW000  [     dev trc,00000]  Disconnecting from ALL connections:
4 ETW000  [     dev trc,00000]  dbcon[db_con_disconnect_all]: disconnecting from connection 0 ...
4 ETW000  [     dev trc,00000]  Disconnecting con=0
4 ETW000  [     dev trc,00000]  OCISessionEnd(con=0, svc=279d468, srv=279fcd0='DSO'): Close session usr=27d6030, rc=0
4 ETW000  [     dev trc,00000]  OCIServerDetach(stale1 con=0, svc=279d468, srv=279fcd0='DSO') successfully detached
4 ETW000  [     dev trc,00000]  OCIHandleFree(con=0, svc=279d468): Server handle srv=279fcd0 freed
4 ETW000  [     dev trc,00000]  OCIHandleFree(con=0): Service hdl. svc=279d468 freed.
4 ETW000  [     dev trc,00000]  dbcon[db_con_disconnect_all]: disconnected from connection 0
4 ETW000  [     dev trc,00000]  statistics db_con_commit (com_total=1, com_tx=1)
4 ETW000  [     dev trc,00000]  statistics db_con_rollback (roll_total=0, roll_tx=0)
4 ETW000 Disconnected from database.
4 ETW000 End of Transport (0000).
4 ETW000 date&time: 19.03.2017 - 08:50:09
